<?xml version="1.0" encoding="UTF-8"?>
<!-- Generated by org.testng.reporters.JUnitReportReporter -->
<testsuite hostname="MBP-de-Filipe" failures="0" tests="1" name="com.herokuapp.theinternet.PositiveTests" time="12.909" errors="0" timestamp="2020-03-18T07:59:34 BRT" skipped="0">
  <testcase classname="com.herokuapp.theinternet.PositiveTests" name="loginTest" time="12.909"/>
  <system-out/>
</testsuite> <!-- com.herokuapp.theinternet.PositiveTests -->
