<?xml version="1.0" encoding="UTF-8"?>
<!-- Generated by org.testng.reporters.JUnitReportReporter -->
<testsuite hostname="MBP-de-Filipe" failures="0" tests="1" name="com.herokuapp.theinternet.dropdowntests.DropdownTest" time="9.890" errors="0" timestamp="2020-04-14T20:44:52 BRT" skipped="0">
  <testcase classname="com.herokuapp.theinternet.dropdowntests.DropdownTest" name="optionTwoTest" time="9.890"/>
  <system-out/>
</testsuite> <!-- com.herokuapp.theinternet.dropdowntests.DropdownTest -->
