<?xml version="1.0" encoding="UTF-8"?>
<!-- Generated by org.testng.reporters.JUnitReportReporter -->
<testsuite hostname="MBP-de-Filipe" failures="0" tests="1" name="com.herokuapp.theinternet.editortests.EditorTests" time="9.724" errors="0" timestamp="2020-04-15T21:32:15 BRT" skipped="0">
  <testcase classname="com.herokuapp.theinternet.editortests.EditorTests" name="defaultEditorValueTest" time="9.724"/>
  <system-out/>
</testsuite> <!-- com.herokuapp.theinternet.editortests.EditorTests -->
