<?xml version="1.0" encoding="UTF-8"?>
<!-- Generated by org.testng.reporters.JUnitReportReporter -->
<testsuite hostname="MBP-de-Filipe" failures="0" tests="4" name="com.herokuapp.theinternet.loginpagetests.LoginTests" time="43.702" errors="0" timestamp="2020-04-13T19:11:29 BRT" skipped="0">
  <testcase classname="com.herokuapp.theinternet.loginpagetests.LoginTests" name="positiveLoginTest" time="11.534"/>
  <system-out/>
  <testcase classname="com.herokuapp.theinternet.loginpagetests.LoginTests" name="positiveLoginTest" time="10.871"/>
  <system-out/>
  <testcase classname="com.herokuapp.theinternet.loginpagetests.LoginTests" name="negativeTest" time="9.860"/>
  <system-out/>
  <testcase classname="com.herokuapp.theinternet.loginpagetests.LoginTests" name="negativeTest" time="11.437"/>
  <system-out/>
</testsuite> <!-- com.herokuapp.theinternet.loginpagetests.LoginTests -->
