<?xml version="1.0" encoding="UTF-8"?>
<!-- Generated by org.testng.reporters.JUnitReportReporter -->
<testsuite hostname="MBP-de-Filipe" failures="0" tests="1" name="com.herokuapp.theinternet.loginpagetests.LoginTests" time="10.852" errors="0" timestamp="2020-04-28T08:13:19 BRT" skipped="0">
  <testcase classname="com.herokuapp.theinternet.loginpagetests.LoginTests" name="positiveLoginTest" time="10.852"/>
  <system-out/>
</testsuite> <!-- com.herokuapp.theinternet.loginpagetests.LoginTests -->
