<?xml version="1.0" encoding="UTF-8"?>
<!-- Generated by org.testng.reporters.JUnitReportReporter -->
<testsuite hostname="MacBook-Pro-de-Filipe.local" failures="0" tests="1" name="com.herokuapp.theinternet.PositiveTests" time="12.102" errors="0" timestamp="2020-03-19T08:12:46 BRT" skipped="0">
  <testcase classname="com.herokuapp.theinternet.PositiveTests" name="loginTest" time="12.102"/>
  <system-out/>
</testsuite> <!-- com.herokuapp.theinternet.PositiveTests -->
