<?xml version="1.0" encoding="UTF-8"?>
<!-- Generated by org.testng.reporters.JUnitReportReporter -->
<testsuite hostname="MBP-de-Filipe" failures="0" tests="4" name="com.herokuapp.theinternet.alertstests.AlertsTests" time="39.328" errors="0" timestamp="2020-04-14T21:10:27 BRT" skipped="0">
  <testcase classname="com.herokuapp.theinternet.alertstests.AlertsTests" name="jsDismissTest" time="9.114"/>
  <system-out/>
  <testcase classname="com.herokuapp.theinternet.alertstests.AlertsTests" name="jsAlertTest" time="10.620"/>
  <system-out/>
  <testcase classname="com.herokuapp.theinternet.alertstests.AlertsTests" name="jsAcceptTest" time="9.404"/>
  <system-out/>
  <testcase classname="com.herokuapp.theinternet.alertstests.AlertsTests" name="jsPromptTest" time="10.190"/>
  <system-out/>
</testsuite> <!-- com.herokuapp.theinternet.alertstests.AlertsTests -->
