<?xml version="1.0" encoding="UTF-8"?>
<!-- Generated by org.testng.reporters.JUnitReportReporter -->
<testsuite hostname="MacBook-Pro-de-Filipe.local" failures="0" tests="2" name="com.herokuapp.theinternet.NegativeTests" time="24.170" errors="0" timestamp="2020-03-19T07:40:14 BRT" skipped="0">
  <testcase classname="com.herokuapp.theinternet.NegativeTests" name="incorrectPasswordTest" time="12.725"/>
  <system-out/>
  <testcase classname="com.herokuapp.theinternet.NegativeTests" name="incorrectUsernameTest" time="11.445"/>
  <system-out/>
</testsuite> <!-- com.herokuapp.theinternet.NegativeTests -->
