<?xml version="1.0" encoding="UTF-8"?>
<!-- Generated by org.testng.reporters.JUnitReportReporter -->
<testsuite hostname="MBP-de-Filipe" failures="0" tests="1" name="com.herokuapp.theinternet.ExceptionsTests" time="7.481" errors="0" timestamp="2020-03-22T12:58:44 BRT" skipped="0">
  <testcase classname="com.herokuapp.theinternet.ExceptionsTests" name="noSuchElementTest" time="7.481"/>
  <system-out/>
</testsuite> <!-- com.herokuapp.theinternet.ExceptionsTests -->
