<?xml version="1.0" encoding="UTF-8"?>
<!-- Generated by org.testng.reporters.JUnitReportReporter -->
<testsuite hostname="MBP-de-Filipe" failures="0" tests="4" name="com.herokuapp.theinternet.loginpagetests.LoginTests" time="51.870" errors="0" timestamp="2020-04-13T18:45:44 BRT" skipped="0">
  <testcase classname="com.herokuapp.theinternet.loginpagetests.LoginTests" name="positiveLoginTest" time="13.215"/>
  <system-out/>
  <testcase classname="com.herokuapp.theinternet.loginpagetests.LoginTests" name="positiveLoginTest" time="13.848"/>
  <system-out/>
  <testcase classname="com.herokuapp.theinternet.loginpagetests.LoginTests" name="negativeTest" time="13.390"/>
  <system-out/>
  <testcase classname="com.herokuapp.theinternet.loginpagetests.LoginTests" name="negativeTest" time="11.417"/>
  <system-out/>
</testsuite> <!-- com.herokuapp.theinternet.loginpagetests.LoginTests -->
