<?xml version="1.0" encoding="UTF-8"?>
<!-- Generated by org.testng.reporters.JUnitReportReporter -->
<testsuite hostname="MBP-de-Filipe" failures="0" tests="1" name="com.herokuapp.theinternet.ExceptionsTests" time="5.604" errors="0" timestamp="2020-03-22T14:03:30 BRT" skipped="0">
  <testcase classname="com.herokuapp.theinternet.ExceptionsTests" name="disableElementTest" time="5.604"/>
  <system-out/>
</testsuite> <!-- com.herokuapp.theinternet.ExceptionsTests -->
