<?xml version="1.0" encoding="UTF-8"?>
<!-- Generated by org.testng.reporters.JUnitReportReporter -->
<testsuite hostname="MBP-de-Filipe" failures="0" tests="1" name="com.herokuapp.theinternet.windowstests.WindowsTests" time="10.290" errors="0" timestamp="2020-04-15T19:09:07 BRT" skipped="0">
  <testcase classname="com.herokuapp.theinternet.windowstests.WindowsTests" name="newWindowTest" time="10.290"/>
  <system-out/>
</testsuite> <!-- com.herokuapp.theinternet.windowstests.WindowsTests -->
