<?xml version="1.0" encoding="UTF-8"?>
<!-- Generated by org.testng.reporters.JUnitReportReporter -->
<testsuite hostname="MBP-de-Filipe" failures="0" tests="4" name="com.herokuapp.theinternet.alertstests.AlertsTests" time="38.086" errors="0" timestamp="2020-04-24T08:08:55 BRT" skipped="0">
  <testcase classname="com.herokuapp.theinternet.alertstests.AlertsTests" name="jsAcceptTest" time="9.256"/>
  <system-out/>
  <testcase classname="com.herokuapp.theinternet.alertstests.AlertsTests" name="jsAlertTest" time="9.261"/>
  <system-out/>
  <testcase classname="com.herokuapp.theinternet.alertstests.AlertsTests" name="jsDismissTest" time="9.359"/>
  <system-out/>
  <testcase classname="com.herokuapp.theinternet.alertstests.AlertsTests" name="jsPromptTest" time="10.210"/>
  <system-out/>
</testsuite> <!-- com.herokuapp.theinternet.alertstests.AlertsTests -->
