<?xml version="1.0" encoding="UTF-8"?>
<!-- Generated by org.testng.reporters.JUnitReportReporter -->
<testsuite hostname="MBP-de-Filipe" failures="0" tests="2" name="com.herokuapp.theinternet.NegativeTests" time="23.044" errors="0" timestamp="2020-03-20T08:24:58 BRT" skipped="0">
  <testcase classname="com.herokuapp.theinternet.NegativeTests" name="negativeLoginTest" time="12.506"/>
  <system-out/>
  <testcase classname="com.herokuapp.theinternet.NegativeTests" name="negativeLoginTest" time="10.538"/>
  <system-out/>
</testsuite> <!-- com.herokuapp.theinternet.NegativeTests -->
