<?xml version="1.0" encoding="UTF-8"?>
<!-- Generated by org.testng.reporters.JUnitReportReporter -->
<testsuite hostname="MBP-de-Filipe" failures="0" tests="1" name="com.herokuapp.theinternet.LoginTests" time="6.595" errors="0" timestamp="2020-03-22T11:17:53 BRT" skipped="0">
  <testcase classname="com.herokuapp.theinternet.LoginTests" name="positiveLoginTest" time="6.595"/>
  <system-out/>
</testsuite> <!-- com.herokuapp.theinternet.LoginTests -->
