<?xml version="1.0" encoding="UTF-8"?>
<!-- Generated by org.testng.reporters.JUnitReportReporter -->
<testsuite hostname="MBP-de-Filipe" failures="0" tests="1" name="com.herokuapp.theinternet.PositiveTests" time="10.469" errors="0" timestamp="2020-03-16T08:10:47 BRT" skipped="0">
  <testcase classname="com.herokuapp.theinternet.PositiveTests" name="loginTest" time="10.469"/>
  <system-out/>
</testsuite> <!-- com.herokuapp.theinternet.PositiveTests -->
